Build started 9/29/2011 5:16:33 PM.
     1>Project "E:\OBELISK\Obeloft\GLSL\HelloTriangle\Hello_Triangle.vcxproj" on node 2 (build target(s)).
     1>InitializeBuildStatus:
         Creating "Debug\Hello_Triangle.unsuccessfulbuild" because "AlwaysCreate" was specified.
       ClCompile:
         C:\Program Files\Microsoft Visual Studio 10.0\VC\bin\CL.exe /c /ICommon\Include /ZI /nologo /W3 /WX- /Od /Oy- /D WIN32 /D _DEBUG /D _CONSOLE /Gm /EHsc /RTC1 /MDd /GS /fp:precise /Zc:wchar_t /Zc:forScope /Fo"Debug\\" /Fd"Debug\vc100.pdb" /Gd /TP /analyze- /errorReport:prompt HelloTriangle.cpp
         Skipping... (no relevant changes detected)
         HelloTriangle.cpp
       ManifestResourceCompile:
         All outputs are up-to-date.
       Link:
         C:\Program Files\Microsoft Visual Studio 10.0\VC\bin\link.exe /ERRORREPORT:PROMPT /OUT:"Debug\Hello_Triangle.exe" /INCREMENTAL /NOLOGO /LIBPATH:Common\Lib /LIBPATH:Lib libEGL.lib libGLESv2.lib esUtil_d.lib kernel32.lib user32.lib gdi32.lib winspool.lib comdlg32.lib advapi32.lib shell32.lib ole32.lib oleaut32.lib uuid.lib odbc32.lib odbccp32.lib /MANIFEST /ManifestFile:"Debug\Hello_Triangle.exe.intermediate.manifest" /MANIFESTUAC:"level='asInvoker' uiAccess='false'" /DEBUG /PDB:"E:\OBELISK\Obeloft\GLSL\HelloTriangle\Debug\Hello_Triangle.pdb" /SUBSYSTEM:CONSOLE /TLBID:1 /DYNAMICBASE:NO /IMPLIB:"E:\OBELISK\Obeloft\GLSL\HelloTriangle\Debug\Hello_Triangle.lib" /MACHINE:X86 Debug\Hello_Triangle.exe.embed.manifest.res
         Debug\HelloTriangle.obj
         E:\OBELISK\Obeloft\GLSL\HelloTriangle\Common\lib\esUtil_d.lib
       Manifest:
         C:\Program Files\Microsoft SDKs\Windows\v7.0A\bin\mt.exe /nologo /verbose /out:"Debug\Hello_Triangle.exe.embed.manifest" /manifest Debug\Hello_Triangle.exe.intermediate.manifest
         All outputs are up-to-date.
       LinkEmbedManifest:
         All outputs are up-to-date.
         Hello_Triangle.vcxproj -> E:\OBELISK\Obeloft\GLSL\HelloTriangle\Debug\Hello_Triangle.exe
       FinalizeBuildStatus:
         Deleting file "Debug\Hello_Triangle.unsuccessfulbuild".
         Touching "Debug\Hello_Triangle.lastbuildstate".
     1>Done Building Project "E:\OBELISK\Obeloft\GLSL\HelloTriangle\Hello_Triangle.vcxproj" (build target(s)).

Build succeeded.

Time Elapsed 00:00:00.95
